Arguments: 
  /usr/bin/node /home/manish/.npm-global/bin/yarn examples versions

PATH: 
  /home/manish/Desktop/google-cloud-sdk/bin:/home/manish/Desktop/anaconda2/bin:/home/manish/.npm-global/bin:/home/manish/bin:/home/manish/.local/bin:/usr/local/sbin:/usr/local/bin:/usr/sbin:/usr/bin:/sbin:/bin:/usr/games:/usr/local/games:/snap/bin

Yarn version: 
  1.5.1

Node version: 
  6.13.1

Platform: 
  linux x64

npm manifest: 
  No manifest

yarn manifest: 
  No manifest

Lockfile: 
  No lockfile

Trace: 
  Error: Couldn't find a package.json file in "/home/manish/Desktop/project-with-docs"
      at MessageError.Error (native)
      at new MessageError (/home/manish/.npm-global/lib/node_modules/yarn/lib/cli.js:186:110)
      at /home/manish/.npm-global/lib/node_modules/yarn/lib/cli.js:40048:15
      at next (native)
      at step (/home/manish/.npm-global/lib/node_modules/yarn/lib/cli.js:98:30)
      at /home/manish/.npm-global/lib/node_modules/yarn/lib/cli.js:109:13
